<?xml version="1.0" encoding="UTF-8"?>
<testsuite xmlns:xsi="http://www.w3.org/2001/XMLSchema-instance" xsi:noNamespaceSchemaLocation="https://maven.apache.org/surefire/maven-surefire-plugin/xsd/surefire-test-report.xsd" name="se.ecutb.service.PersonServiceTest" time="0.012" tests="11" errors="6" skipped="0" failures="3">
  <properties>
[...]
</properties>
  <testcase name="given_lastName_findByLastName_return_list_size_5" classname="se.ecutb.service.PersonServiceTest" time="0"/>
  <testcase name="given_null_findByAddress_return_list_of_3" classname="se.ecutb.service.PersonServiceTest" time="0">
    <error type="java.lang.NullPointerException">java.lang.NullPointerException
	at se.ecutb.service.PersonServiceTest.given_null_findByAddress_return_list_of_3(PersonServiceTest.java:107)
</error>
  </testcase>
  <testcase name="given_city_findPeopleByCity_return_list_size_3" classname="se.ecutb.service.PersonServiceTest" time="0.002">
    <error type="java.lang.NullPointerException">java.lang.NullPointerException
	at se.ecutb.service.PersonServiceTest.given_city_findPeopleByCity_return_list_size_3(PersonServiceTest.java:113)
</error>
  </testcase>
  <testcase name="findAll_return_list_of_size_6" classname="se.ecutb.service.PersonServiceTest" time="0"/>
  <testcase name="given_email_findByEmail_return_Person" classname="se.ecutb.service.PersonServiceTest" time="0">
    <failure message="expected: &lt;Person{personId=1, firstName=&apos;Test&apos;, lastName=&apos;Testsson&apos;, email=&apos;test@gmail.com&apos;, address=Address{street=&apos;TestStreet 1&apos;, zipCode=&apos;12345&apos;, city=&apos;TestCity&apos;}}&gt; but was: &lt;null&gt;" type="org.opentest4j.AssertionFailedError"><![CDATA[org.opentest4j.AssertionFailedError: expected: <Person{personId=1, firstName='Test', lastName='Testsson', email='test@gmail.com', address=Address{street='TestStreet 1', zipCode='12345', city='TestCity'}}> but was: <null>
	at se.ecutb.service.PersonServiceTest.given_email_findByEmail_return_Person(PersonServiceTest.java:82)
]]></failure>
  </testcase>
  <testcase name="given_address_findByAddress_return_list_of_2" classname="se.ecutb.service.PersonServiceTest" time="0">
    <error type="java.lang.NullPointerException">java.lang.NullPointerException
	at se.ecutb.service.PersonServiceTest.given_address_findByAddress_return_list_of_2(PersonServiceTest.java:102)
</error>
  </testcase>
  <testcase name="given_fullName_findPeopleByFullName_return_list_size_1" classname="se.ecutb.service.PersonServiceTest" time="0">
    <error type="java.lang.NullPointerException">java.lang.NullPointerException
	at se.ecutb.service.PersonServiceTest.given_fullName_findPeopleByFullName_return_list_size_1(PersonServiceTest.java:119)
</error>
  </testcase>
  <testcase name="findPeopleWithNoTodos_return_list_size_3" classname="se.ecutb.service.PersonServiceTest" time="0">
    <error type="java.lang.NullPointerException">java.lang.NullPointerException
	at se.ecutb.service.PersonServiceTest.findPeopleWithNoTodos_return_list_size_3(PersonServiceTest.java:96)
</error>
  </testcase>
  <testcase name="createPerson_with_duplicate_email_return_null" classname="se.ecutb.service.PersonServiceTest" time="0">
    <failure message="expected: &lt;null&gt; but was: &lt;Person{personId=7, firstName=&apos;Nils&apos;, lastName=&apos;Svensson&apos;, email=&apos;test@gmail.com&apos;, address=null}&gt;" type="org.opentest4j.AssertionFailedError"><![CDATA[org.opentest4j.AssertionFailedError: expected: <null> but was: <Person{personId=7, firstName='Nils', lastName='Svensson', email='test@gmail.com', address=null}>
	at se.ecutb.service.PersonServiceTest.createPerson_with_duplicate_email_return_null(PersonServiceTest.java:75)
]]></failure>
  </testcase>
  <testcase name="given_personId_deletePerson_return_true_and_all_references_removed" classname="se.ecutb.service.PersonServiceTest" time="0">
    <failure message="expected: &lt;true&gt; but was: &lt;false&gt;" type="org.opentest4j.AssertionFailedError"><![CDATA[org.opentest4j.AssertionFailedError: expected: <true> but was: <false>
	at se.ecutb.service.PersonServiceTest.given_personId_deletePerson_return_true_and_all_references_removed(PersonServiceTest.java:131)
]]></failure>
  </testcase>
  <testcase name="findPeopleWithAssignedTodos_return_list_size_3" classname="se.ecutb.service.PersonServiceTest" time="0">
    <error type="java.lang.NullPointerException">java.lang.NullPointerException
	at se.ecutb.service.PersonServiceTest.findPeopleWithAssignedTodos_return_list_size_3(PersonServiceTest.java:89)
</error>
  </testcase>
</testsuite>