<?xml version="1.0" encoding="UTF-8"?>
<testsuite xmlns:xsi="http://www.w3.org/2001/XMLSchema-instance" xsi:noNamespaceSchemaLocation="https://maven.apache.org/surefire/maven-surefire-plugin/xsd/surefire-test-report.xsd" name="se.ecutb.data.TodoRepositoryTest" time="0.041" tests="12" errors="0" skipped="0" failures="3">
  <properties>
[...]
</properties>
  <testcase name="findAllUnassignedTasks_should_return_list_size_1" classname="se.ecutb.data.TodoRepositoryTest" time="0"/>
  <testcase name="given_7_delete_should_throw_illegalArgumentException" classname="se.ecutb.data.TodoRepositoryTest" time="0">
    <failure message="Expected java.lang.IllegalArgumentException to be thrown, but nothing was thrown." type="org.opentest4j.AssertionFailedError">org.opentest4j.AssertionFailedError: Expected java.lang.IllegalArgumentException to be thrown, but nothing was thrown.
	at se.ecutb.data.TodoRepositoryTest.given_7_delete_should_throw_illegalArgumentException(TodoRepositoryTest.java:110)
</failure>
  </testcase>
  <testcase name="given_1_findByAssigneeId_should_return_list_of_size_1" classname="se.ecutb.data.TodoRepositoryTest" time="0"/>
  <testcase name="given_true_findByDone_should_return_list_size_1" classname="se.ecutb.data.TodoRepositoryTest" time="0"/>
  <testcase name="given_2020_02_10_as_start_and_2020_04_01_as_end_findByDeadLineBetween_should_return_list_size_1" classname="se.ecutb.data.TodoRepositoryTest" time="0"/>
  <testcase name="given_2020_03_01_findByDeadlineBefore_should_return_list_of_size_2" classname="se.ecutb.data.TodoRepositoryTest" time="0"/>
  <testcase name="given_2_delete_should_return_true" classname="se.ecutb.data.TodoRepositoryTest" time="0">
    <failure message="expected: &lt;true&gt; but was: &lt;false&gt;" type="org.opentest4j.AssertionFailedError"><![CDATA[org.opentest4j.AssertionFailedError: expected: <true> but was: <false>
	at se.ecutb.data.TodoRepositoryTest.given_2_delete_should_return_true(TodoRepositoryTest.java:104)
]]></failure>
  </testcase>
  <testcase name="given_1_findById_return_optional_with_todo" classname="se.ecutb.data.TodoRepositoryTest" time="0.004"/>
  <testcase name="findAll_return_list_of_4_todo" classname="se.ecutb.data.TodoRepositoryTest" time="0.001"/>
  <testcase name="findAllAssignedTasks_should_return_list_size_3" classname="se.ecutb.data.TodoRepositoryTest" time="0.002"/>
  <testcase name="given_2020_03_11_findByDeadLineAfter_should_return_list_of_size_1" classname="se.ecutb.data.TodoRepositoryTest" time="0.003"/>
  <testcase name="given_clean_findByTaskDescriptionContains_return_list_size_2" classname="se.ecutb.data.TodoRepositoryTest" time="0.004">
    <failure message="expected: &lt;2&gt; but was: &lt;0&gt;" type="org.opentest4j.AssertionFailedError"><![CDATA[org.opentest4j.AssertionFailedError: expected: <2> but was: <0>
	at se.ecutb.data.TodoRepositoryTest.given_clean_findByTaskDescriptionContains_return_list_size_2(TodoRepositoryTest.java:46)
]]></failure>
  </testcase>
</testsuite>