<?xml version="1.0" encoding="UTF-8"?>
<testsuite xmlns:xsi="http://www.w3.org/2001/XMLSchema-instance" xsi:noNamespaceSchemaLocation="https://maven.apache.org/surefire/maven-surefire-plugin/xsd/surefire-test-report.xsd" name="se.ecutb.service.TodoServiceTest" time="0.031" tests="12" errors="11" skipped="0" failures="1">
  <properties>
[...]
</properties>
  <testcase name="findAssignedTasks_return_list_size_6" classname="se.ecutb.service.TodoServiceTest" time="0">
    <error type="java.lang.NullPointerException">java.lang.NullPointerException
	at se.ecutb.service.TodoServiceTest.findAssignedTasks_return_list_size_6(TodoServiceTest.java:90)
</error>
    <system-err><![CDATA[feb 05, 2020 3:28:37 EM org.springframework.test.context.support.AbstractTestContextBootstrapper getDefaultTestExecutionListenerClassNames
INFO: Loaded default TestExecutionListener class names from location [META-INF/spring.factories]: [org.springframework.test.context.web.ServletTestExecutionListener, org.springframework.test.context.support.DirtiesContextBeforeModesTestExecutionListener, org.springframework.test.context.support.DependencyInjectionTestExecutionListener, org.springframework.test.context.support.DirtiesContextTestExecutionListener, org.springframework.test.context.transaction.TransactionalTestExecutionListener, org.springframework.test.context.jdbc.SqlScriptsTestExecutionListener, org.springframework.test.context.event.EventPublishingTestExecutionListener]
feb 05, 2020 3:28:37 EM org.springframework.test.context.support.AbstractTestContextBootstrapper getTestExecutionListeners
INFO: Using TestExecutionListeners: [org.springframework.test.context.support.DirtiesContextBeforeModesTestExecutionListener@41f69e84, org.springframework.test.context.support.DependencyInjectionTestExecutionListener@7975d1d8, org.springframework.test.context.support.DirtiesContextTestExecutionListener@2438dcd, org.springframework.test.context.event.EventPublishingTestExecutionListener@24105dc5]
]]></system-err>
  </testcase>
  <testcase name="given_date_findByDeadLineBefore_return_list_size_2" classname="se.ecutb.service.TodoServiceTest" time="0">
    <error type="java.lang.NullPointerException">java.lang.NullPointerException
	at se.ecutb.service.TodoServiceTest.given_date_findByDeadLineBefore_return_list_size_2(TodoServiceTest.java:61)
</error>
  </testcase>
  <testcase name="given_1000_findById_should_throw_IllegalArgumentException" classname="se.ecutb.service.TodoServiceTest" time="0">
    <failure message="Expected java.lang.IllegalArgumentException to be thrown, but nothing was thrown." type="org.opentest4j.AssertionFailedError">org.opentest4j.AssertionFailedError: Expected java.lang.IllegalArgumentException to be thrown, but nothing was thrown.
	at se.ecutb.service.TodoServiceTest.given_1000_findById_should_throw_IllegalArgumentException(TodoServiceTest.java:106)
</failure>
  </testcase>
  <testcase name="given_testId_delete_should_return_true_and_todo_is_removed" classname="se.ecutb.service.TodoServiceTest" time="0">
    <error type="java.lang.NullPointerException">java.lang.NullPointerException
	at se.ecutb.service.TodoServiceTest.given_testId_delete_should_return_true_and_todo_is_removed(TodoServiceTest.java:117)
</error>
  </testcase>
  <testcase name="given_todoId_findById_should_return_todoDto" classname="se.ecutb.service.TodoServiceTest" time="0">
    <error type="java.lang.NullPointerException">java.lang.NullPointerException
	at se.ecutb.service.TodoServiceTest.given_todoId_findById_should_return_todoDto(TodoServiceTest.java:100)
</error>
  </testcase>
  <testcase name="given_false_findByDoneStatus_return_list_size_7" classname="se.ecutb.service.TodoServiceTest" time="0.013">
    <error type="java.lang.NullPointerException">java.lang.NullPointerException
	at se.ecutb.service.TodoServiceTest.given_false_findByDoneStatus_return_list_size_7(TodoServiceTest.java:95)
</error>
  </testcase>
  <testcase name="given_text_findByTaskDescription_return_list_size_7" classname="se.ecutb.service.TodoServiceTest" time="0">
    <error type="java.lang.NullPointerException">java.lang.NullPointerException
	at se.ecutb.service.TodoServiceTest.given_text_findByTaskDescription_return_list_size_7(TodoServiceTest.java:55)
</error>
  </testcase>
  <testcase name="findUnassignedTasks_return_list_size_1" classname="se.ecutb.service.TodoServiceTest" time="0.001">
    <error type="java.lang.NullPointerException">java.lang.NullPointerException
	at se.ecutb.service.TodoServiceTest.findUnassignedTasks_return_list_size_1(TodoServiceTest.java:85)
</error>
  </testcase>
  <testcase name="findAllShould_return_list_size_7" classname="se.ecutb.service.TodoServiceTest" time="0">
    <error type="java.lang.NullPointerException">java.lang.NullPointerException
	at se.ecutb.service.TodoServiceTest.findAllShould_return_list_size_7(TodoServiceTest.java:112)
</error>
  </testcase>
  <testcase name="given_start_and_end_findByDeadLineBetween_return_list_size_2" classname="se.ecutb.service.TodoServiceTest" time="0.001">
    <error type="java.lang.NullPointerException">java.lang.NullPointerException
	at se.ecutb.service.TodoServiceTest.given_start_and_end_findByDeadLineBetween_return_list_size_2(TodoServiceTest.java:74)
</error>
  </testcase>
  <testcase name="given_date_findByDeadLineAfter_return_list_size_3" classname="se.ecutb.service.TodoServiceTest" time="0">
    <error type="java.lang.NullPointerException">java.lang.NullPointerException
	at se.ecutb.service.TodoServiceTest.given_date_findByDeadLineAfter_return_list_size_3(TodoServiceTest.java:67)
</error>
  </testcase>
  <testcase name="given_personId_findAssignedTasksByPersonId_return_list_size_3" classname="se.ecutb.service.TodoServiceTest" time="0">
    <error type="java.lang.NullPointerException">java.lang.NullPointerException
	at se.ecutb.service.TodoServiceTest.given_personId_findAssignedTasksByPersonId_return_list_size_3(TodoServiceTest.java:80)
</error>
  </testcase>
</testsuite>