<?xml version="1.0" encoding="UTF-8"?>
<testsuite xmlns:xsi="http://www.w3.org/2001/XMLSchema-instance" xsi:noNamespaceSchemaLocation="https://maven.apache.org/surefire/maven-surefire-plugin/xsd/surefire-test-report.xsd" name="se.ecutb.service.TodoDtoConversionServiceTest" time="0.037" tests="2" errors="0" skipped="0" failures="2">
  <properties>
[...]
</properties>
  <testcase name="given_todoWithAssignee_convertToDto_return_expected" classname="se.ecutb.service.TodoDtoConversionServiceTest" time="0">
    <failure message="expected: &lt;TodoDto{todoId=2, taskDescription=&apos;TestTodo2&apos;, deadLine=2020-02-04, assigneeId=1, done=false}&gt; but was: &lt;null&gt;" type="org.opentest4j.AssertionFailedError"><![CDATA[org.opentest4j.AssertionFailedError: expected: <TodoDto{todoId=2, taskDescription='TestTodo2', deadLine=2020-02-04, assigneeId=1, done=false}> but was: <null>
	at se.ecutb.service.TodoDtoConversionServiceTest.given_todoWithAssignee_convertToDto_return_expected(TodoDtoConversionServiceTest.java:45)
]]></failure>
    <system-err><![CDATA[feb 05, 2020 3:28:37 EM org.springframework.test.context.support.AbstractTestContextBootstrapper getDefaultTestExecutionListenerClassNames
INFO: Loaded default TestExecutionListener class names from location [META-INF/spring.factories]: [org.springframework.test.context.web.ServletTestExecutionListener, org.springframework.test.context.support.DirtiesContextBeforeModesTestExecutionListener, org.springframework.test.context.support.DependencyInjectionTestExecutionListener, org.springframework.test.context.support.DirtiesContextTestExecutionListener, org.springframework.test.context.transaction.TransactionalTestExecutionListener, org.springframework.test.context.jdbc.SqlScriptsTestExecutionListener, org.springframework.test.context.event.EventPublishingTestExecutionListener]
feb 05, 2020 3:28:37 EM org.springframework.test.context.support.AbstractTestContextBootstrapper getTestExecutionListeners
INFO: Using TestExecutionListeners: [org.springframework.test.context.support.DirtiesContextBeforeModesTestExecutionListener@461ad730, org.springframework.test.context.support.DependencyInjectionTestExecutionListener@4ee203eb, org.springframework.test.context.support.DirtiesContextTestExecutionListener@1a5a4e19, org.springframework.test.context.event.EventPublishingTestExecutionListener@7068e664]
]]></system-err>
  </testcase>
  <testcase name="given_todoNoAssignee_convertToDto_return_expected" classname="se.ecutb.service.TodoDtoConversionServiceTest" time="0">
    <failure message="expected: &lt;TodoDto{todoId=1, taskDescription=&apos;TestTodo&apos;, deadLine=2020-02-04, assigneeId=null, done=false}&gt; but was: &lt;null&gt;" type="org.opentest4j.AssertionFailedError"><![CDATA[org.opentest4j.AssertionFailedError: expected: <TodoDto{todoId=1, taskDescription='TestTodo', deadLine=2020-02-04, assigneeId=null, done=false}> but was: <null>
	at se.ecutb.service.TodoDtoConversionServiceTest.given_todoNoAssignee_convertToDto_return_expected(TodoDtoConversionServiceTest.java:38)
]]></failure>
  </testcase>
</testsuite>